<?xml version="1.0" encoding="UTF-8"?>
<!-- Generated by org.testng.reporters.JUnitReportReporter -->
<testsuite hostname="DESKTOP-G2U6CJJ" failures="0" tests="5" name="UserAPITestRunner" time="2.291" errors="0" timestamp="2023-12-14T05:19:28 EST" skipped="0">
  <testcase classname="UserAPITestRunner" name="runScenario" time="1.593"/>
  <testcase classname="UserAPITestRunner" name="runScenario" time="0.041"/>
  <testcase classname="UserAPITestRunner" name="runScenario" time="0.049"/>
  <testcase classname="UserAPITestRunner" name="runScenario" time="0.019"/>
  <testcase classname="UserAPITestRunner" name="runScenario" time="0.589"/>
</testsuite> <!-- UserAPITestRunner -->
