<?xml version="1.0" encoding="UTF-8"?>
<!-- Generated by org.testng.reporters.JUnitReportReporter -->
<testsuite hostname="DESKTOP-G2U6CJJ" failures="0" tests="6" name="GroupAPITestRunner" time="2.040" errors="0" timestamp="2023-12-14T05:28:51 EST" skipped="0">
  <testcase classname="GroupAPITestRunner" name="runScenario" time="0.016"/>
  <testcase classname="GroupAPITestRunner" name="runScenario" time="1.848"/>
  <testcase classname="GroupAPITestRunner" name="runScenario" time="0.060"/>
  <testcase classname="GroupAPITestRunner" name="runScenario" time="0.014"/>
  <testcase classname="GroupAPITestRunner" name="runScenario" time="0.041"/>
  <testcase classname="GroupAPITestRunner" name="runScenario" time="0.061"/>
</testsuite> <!-- GroupAPITestRunner -->
