<?xml version="1.0" encoding="UTF-8"?>
<!-- Generated by org.testng.reporters.JUnitReportReporter -->
<testsuite hostname="DESKTOP-G2U6CJJ" failures="0" tests="6" name="IssueAPITestRunner" time="2.365" errors="0" timestamp="2023-12-14T05:29:40 EST" skipped="0">
  <testcase classname="IssueAPITestRunner" name="runScenario" time="0.056"/>
  <testcase classname="IssueAPITestRunner" name="runScenario" time="0.094"/>
  <testcase classname="IssueAPITestRunner" name="runScenario" time="0.131"/>
  <testcase classname="IssueAPITestRunner" name="runScenario" time="1.750"/>
  <testcase classname="IssueAPITestRunner" name="runScenario" time="0.118"/>
  <testcase classname="IssueAPITestRunner" name="runScenario" time="0.216"/>
</testsuite> <!-- IssueAPITestRunner -->
