<?xml version="1.0" encoding="UTF-8"?>
<!-- Generated by org.testng.reporters.JUnitReportReporter -->
<testsuite hostname="DESKTOP-G2U6CJJ" failures="0" tests="3" name="ProjectAPITestRunner" time="2.207" errors="0" timestamp="2023-12-14T05:29:12 EST" skipped="0">
  <testcase classname="ProjectAPITestRunner" name="runScenario" time="2.017"/>
  <testcase classname="ProjectAPITestRunner" name="runScenario" time="0.059"/>
  <testcase classname="ProjectAPITestRunner" name="runScenario" time="0.131"/>
</testsuite> <!-- ProjectAPITestRunner -->
